2024-08-29T16:08:33.658+05:30  INFO 7148 --- [18-Advance-Mapping] [restartedMain] com.aurionpro.mappings.Application       : Starting Application using Java 21.0.3 with PID 7148 (D:\SpringAssignments\18-Advance-Mapping\target\classes started by Lawrence.Rodriques in D:\SpringAssignments\18-Advance-Mapping)
2024-08-29T16:08:33.685+05:30  INFO 7148 --- [18-Advance-Mapping] [restartedMain] com.aurionpro.mappings.Application       : No active profile set, falling back to 1 default profile: "default"
2024-08-29T16:08:33.763+05:30  INFO 7148 --- [18-Advance-Mapping] [restartedMain] .e.DevToolsPropertyDefaultsPostProcessor : Devtools property defaults active! Set 'spring.devtools.add-properties' to 'false' to disable
2024-08-29T16:08:33.763+05:30  INFO 7148 --- [18-Advance-Mapping] [restartedMain] .e.DevToolsPropertyDefaultsPostProcessor : For additional web related logging consider setting the 'logging.level.web' property to 'DEBUG'
2024-08-29T16:08:35.040+05:30  INFO 7148 --- [18-Advance-Mapping] [restartedMain] .s.d.r.c.RepositoryConfigurationDelegate : Bootstrapping Spring Data JPA repositories in DEFAULT mode.
2024-08-29T16:08:35.139+05:30  INFO 7148 --- [18-Advance-Mapping] [restartedMain] .s.d.r.c.RepositoryConfigurationDelegate : Finished Spring Data repository scanning in 85 ms. Found 2 JPA repository interfaces.
2024-08-29T16:08:36.003+05:30  INFO 7148 --- [18-Advance-Mapping] [restartedMain] o.s.b.w.embedded.tomcat.TomcatWebServer  : Tomcat initialized with port 8080 (http)
2024-08-29T16:08:36.028+05:30  INFO 7148 --- [18-Advance-Mapping] [restartedMain] o.apache.catalina.core.StandardService   : Starting service [Tomcat]
2024-08-29T16:08:36.029+05:30  INFO 7148 --- [18-Advance-Mapping] [restartedMain] o.apache.catalina.core.StandardEngine    : Starting Servlet engine: [Apache Tomcat/10.1.28]
2024-08-29T16:08:36.094+05:30  INFO 7148 --- [18-Advance-Mapping] [restartedMain] o.a.c.c.C.[Tomcat].[localhost].[/]       : Initializing Spring embedded WebApplicationContext
2024-08-29T16:08:36.095+05:30  INFO 7148 --- [18-Advance-Mapping] [restartedMain] w.s.c.ServletWebServerApplicationContext : Root WebApplicationContext: initialization completed in 2330 ms
2024-08-29T16:08:36.338+05:30  INFO 7148 --- [18-Advance-Mapping] [restartedMain] o.hibernate.jpa.internal.util.LogHelper  : HHH000204: Processing PersistenceUnitInfo [name: default]
2024-08-29T16:08:36.430+05:30  INFO 7148 --- [18-Advance-Mapping] [restartedMain] org.hibernate.Version                    : HHH000412: Hibernate ORM core version 6.5.2.Final
2024-08-29T16:08:36.487+05:30  INFO 7148 --- [18-Advance-Mapping] [restartedMain] o.h.c.internal.RegionFactoryInitiator    : HHH000026: Second-level cache disabled
2024-08-29T16:08:36.902+05:30  INFO 7148 --- [18-Advance-Mapping] [restartedMain] o.s.o.j.p.SpringPersistenceUnitInfo      : No LoadTimeWeaver setup: ignoring JPA class transformer
2024-08-29T16:08:36.943+05:30  INFO 7148 --- [18-Advance-Mapping] [restartedMain] com.zaxxer.hikari.HikariDataSource       : HikariPool-1 - Starting...
2024-08-29T16:08:37.790+05:30  INFO 7148 --- [18-Advance-Mapping] [restartedMain] com.zaxxer.hikari.pool.HikariPool        : HikariPool-1 - Added connection com.mysql.cj.jdbc.ConnectionImpl@6c69833a
2024-08-29T16:08:37.794+05:30  INFO 7148 --- [18-Advance-Mapping] [restartedMain] com.zaxxer.hikari.HikariDataSource       : HikariPool-1 - Start completed.
2024-08-29T16:08:39.732+05:30  INFO 7148 --- [18-Advance-Mapping] [restartedMain] o.h.e.t.j.p.i.JtaPlatformInitiator       : HHH000489: No JTA platform available (set 'hibernate.transaction.jta.platform' to enable JTA platform integration)
2024-08-29T16:08:39.860+05:30  INFO 7148 --- [18-Advance-Mapping] [restartedMain] j.LocalContainerEntityManagerFactoryBean : Initialized JPA EntityManagerFactory for persistence unit 'default'
2024-08-29T16:08:39.892+05:30  INFO 7148 --- [18-Advance-Mapping] [restartedMain] f.a.AutowiredAnnotationBeanPostProcessor : Autowired annotation is not supported on static fields: private static final org.slf4j.Logger com.aurionpro.mappings.service.RoleServiceImpl.logger
2024-08-29T16:08:40.293+05:30  INFO 7148 --- [18-Advance-Mapping] [restartedMain] f.a.AutowiredAnnotationBeanPostProcessor : Autowired annotation is not supported on static fields: private static final org.slf4j.Logger com.aurionpro.mappings.service.UserServiceImpl.logger
2024-08-29T16:08:40.404+05:30  WARN 7148 --- [18-Advance-Mapping] [restartedMain] JpaBaseConfiguration$JpaWebConfiguration : spring.jpa.open-in-view is enabled by default. Therefore, database queries may be performed during view rendering. Explicitly configure spring.jpa.open-in-view to disable this warning
2024-08-29T16:08:41.053+05:30  WARN 7148 --- [18-Advance-Mapping] [restartedMain] .s.s.UserDetailsServiceAutoConfiguration : 

Using generated security password: 97df47de-4335-4492-98c0-1753b44038df

This generated password is for development use only. Your security configuration must be updated before running your application in production.

2024-08-29T16:08:41.089+05:30  INFO 7148 --- [18-Advance-Mapping] [restartedMain] r$InitializeUserDetailsManagerConfigurer : Global AuthenticationManager configured with UserDetailsService bean with name inMemoryUserDetailsManager
2024-08-29T16:08:41.382+05:30  INFO 7148 --- [18-Advance-Mapping] [restartedMain] o.s.b.d.a.OptionalLiveReloadServer       : LiveReload server is running on port 35729
2024-08-29T16:08:41.435+05:30  INFO 7148 --- [18-Advance-Mapping] [restartedMain] o.s.b.w.embedded.tomcat.TomcatWebServer  : Tomcat started on port 8080 (http) with context path '/'
2024-08-29T16:08:41.450+05:30  INFO 7148 --- [18-Advance-Mapping] [restartedMain] com.aurionpro.mappings.Application       : Started Application in 8.391 seconds (process running for 9.238)
2024-08-29T16:09:05.369+05:30  INFO 7148 --- [18-Advance-Mapping] [http-nio-8080-exec-1] o.a.c.c.C.[Tomcat].[localhost].[/]       : Initializing Spring DispatcherServlet 'dispatcherServlet'
2024-08-29T16:09:05.369+05:30  INFO 7148 --- [18-Advance-Mapping] [http-nio-8080-exec-1] o.s.web.servlet.DispatcherServlet        : Initializing Servlet 'dispatcherServlet'
2024-08-29T16:09:05.371+05:30  INFO 7148 --- [18-Advance-Mapping] [http-nio-8080-exec-1] o.s.web.servlet.DispatcherServlet        : Completed initialization in 2 ms
2024-08-29T16:10:04.844+05:30  INFO 7148 --- [18-Advance-Mapping] [File Watcher] rtingClassPathChangeChangedEventListener : Restarting due to 1 class path change (0 additions, 0 deletions, 1 modification)
2024-08-29T16:10:04.860+05:30  INFO 7148 --- [18-Advance-Mapping] [Thread-5] j.LocalContainerEntityManagerFactoryBean : Closing JPA EntityManagerFactory for persistence unit 'default'
2024-08-29T16:10:04.864+05:30  INFO 7148 --- [18-Advance-Mapping] [Thread-5] com.zaxxer.hikari.HikariDataSource       : HikariPool-1 - Shutdown initiated...
2024-08-29T16:10:04.877+05:30  INFO 7148 --- [18-Advance-Mapping] [Thread-5] com.zaxxer.hikari.HikariDataSource       : HikariPool-1 - Shutdown completed.
2024-08-29T16:10:05.096+05:30  INFO 7148 --- [18-Advance-Mapping] [restartedMain] com.aurionpro.mappings.Application       : Starting Application using Java 21.0.3 with PID 7148 (D:\SpringAssignments\18-Advance-Mapping\target\classes started by Lawrence.Rodriques in D:\SpringAssignments\18-Advance-Mapping)
2024-08-29T16:10:05.097+05:30  INFO 7148 --- [18-Advance-Mapping] [restartedMain] com.aurionpro.mappings.Application       : No active profile set, falling back to 1 default profile: "default"
2024-08-29T16:10:05.503+05:30  INFO 7148 --- [18-Advance-Mapping] [restartedMain] .s.d.r.c.RepositoryConfigurationDelegate : Bootstrapping Spring Data JPA repositories in DEFAULT mode.
2024-08-29T16:10:05.539+05:30  INFO 7148 --- [18-Advance-Mapping] [restartedMain] .s.d.r.c.RepositoryConfigurationDelegate : Finished Spring Data repository scanning in 35 ms. Found 2 JPA repository interfaces.
2024-08-29T16:10:05.672+05:30  INFO 7148 --- [18-Advance-Mapping] [restartedMain] o.s.b.w.embedded.tomcat.TomcatWebServer  : Tomcat initialized with port 8080 (http)
2024-08-29T16:10:05.673+05:30  INFO 7148 --- [18-Advance-Mapping] [restartedMain] o.apache.catalina.core.StandardService   : Starting service [Tomcat]
2024-08-29T16:10:05.673+05:30  INFO 7148 --- [18-Advance-Mapping] [restartedMain] o.apache.catalina.core.StandardEngine    : Starting Servlet engine: [Apache Tomcat/10.1.28]
2024-08-29T16:10:05.728+05:30  INFO 7148 --- [18-Advance-Mapping] [restartedMain] o.a.c.c.C.[Tomcat].[localhost].[/]       : Initializing Spring embedded WebApplicationContext
2024-08-29T16:10:05.729+05:30  INFO 7148 --- [18-Advance-Mapping] [restartedMain] w.s.c.ServletWebServerApplicationContext : Root WebApplicationContext: initialization completed in 626 ms
2024-08-29T16:10:05.796+05:30  INFO 7148 --- [18-Advance-Mapping] [restartedMain] o.hibernate.jpa.internal.util.LogHelper  : HHH000204: Processing PersistenceUnitInfo [name: default]
2024-08-29T16:10:05.800+05:30  INFO 7148 --- [18-Advance-Mapping] [restartedMain] o.h.c.internal.RegionFactoryInitiator    : HHH000026: Second-level cache disabled
2024-08-29T16:10:05.814+05:30  INFO 7148 --- [18-Advance-Mapping] [restartedMain] o.s.o.j.p.SpringPersistenceUnitInfo      : No LoadTimeWeaver setup: ignoring JPA class transformer
2024-08-29T16:10:05.815+05:30  INFO 7148 --- [18-Advance-Mapping] [restartedMain] com.zaxxer.hikari.HikariDataSource       : HikariPool-2 - Starting...
2024-08-29T16:10:05.846+05:30  INFO 7148 --- [18-Advance-Mapping] [restartedMain] com.zaxxer.hikari.pool.HikariPool        : HikariPool-2 - Added connection com.mysql.cj.jdbc.ConnectionImpl@35b3393b
2024-08-29T16:10:05.846+05:30  INFO 7148 --- [18-Advance-Mapping] [restartedMain] com.zaxxer.hikari.HikariDataSource       : HikariPool-2 - Start completed.
2024-08-29T16:10:05.935+05:30  INFO 7148 --- [18-Advance-Mapping] [restartedMain] o.h.e.t.j.p.i.JtaPlatformInitiator       : HHH000489: No JTA platform available (set 'hibernate.transaction.jta.platform' to enable JTA platform integration)
2024-08-29T16:10:05.965+05:30  INFO 7148 --- [18-Advance-Mapping] [restartedMain] j.LocalContainerEntityManagerFactoryBean : Initialized JPA EntityManagerFactory for persistence unit 'default'
2024-08-29T16:10:05.984+05:30  INFO 7148 --- [18-Advance-Mapping] [restartedMain] f.a.AutowiredAnnotationBeanPostProcessor : Autowired annotation is not supported on static fields: private static final org.slf4j.Logger com.aurionpro.mappings.service.RoleServiceImpl.logger
2024-08-29T16:10:06.037+05:30  INFO 7148 --- [18-Advance-Mapping] [restartedMain] f.a.AutowiredAnnotationBeanPostProcessor : Autowired annotation is not supported on static fields: private static final org.slf4j.Logger com.aurionpro.mappings.service.UserServiceImpl.logger
2024-08-29T16:10:06.079+05:30  WARN 7148 --- [18-Advance-Mapping] [restartedMain] JpaBaseConfiguration$JpaWebConfiguration : spring.jpa.open-in-view is enabled by default. Therefore, database queries may be performed during view rendering. Explicitly configure spring.jpa.open-in-view to disable this warning
2024-08-29T16:10:06.281+05:30  WARN 7148 --- [18-Advance-Mapping] [restartedMain] .s.s.UserDetailsServiceAutoConfiguration : 

Using generated security password: ebf9bb1d-633d-4bf3-8cca-943f60309ea6

This generated password is for development use only. Your security configuration must be updated before running your application in production.

2024-08-29T16:10:06.283+05:30  INFO 7148 --- [18-Advance-Mapping] [restartedMain] r$InitializeUserDetailsManagerConfigurer : Global AuthenticationManager configured with UserDetailsService bean with name inMemoryUserDetailsManager
2024-08-29T16:10:06.326+05:30  INFO 7148 --- [18-Advance-Mapping] [restartedMain] o.s.b.d.a.OptionalLiveReloadServer       : LiveReload server is running on port 35729
2024-08-29T16:10:06.340+05:30  INFO 7148 --- [18-Advance-Mapping] [restartedMain] o.s.b.w.embedded.tomcat.TomcatWebServer  : Tomcat started on port 8080 (http) with context path '/'
2024-08-29T16:10:06.345+05:30  INFO 7148 --- [18-Advance-Mapping] [restartedMain] com.aurionpro.mappings.Application       : Started Application in 1.307 seconds (process running for 94.133)
2024-08-29T16:10:06.348+05:30  INFO 7148 --- [18-Advance-Mapping] [restartedMain] .ConditionEvaluationDeltaLoggingListener : Condition evaluation unchanged
2024-08-29T16:10:35.406+05:30  INFO 7148 --- [18-Advance-Mapping] [File Watcher] rtingClassPathChangeChangedEventListener : Restarting due to 1 class path change (0 additions, 0 deletions, 1 modification)
2024-08-29T16:10:35.419+05:30  INFO 7148 --- [18-Advance-Mapping] [Thread-7] j.LocalContainerEntityManagerFactoryBean : Closing JPA EntityManagerFactory for persistence unit 'default'
2024-08-29T16:10:35.420+05:30  INFO 7148 --- [18-Advance-Mapping] [Thread-7] com.zaxxer.hikari.HikariDataSource       : HikariPool-2 - Shutdown initiated...
2024-08-29T16:10:35.433+05:30  INFO 7148 --- [18-Advance-Mapping] [Thread-7] com.zaxxer.hikari.HikariDataSource       : HikariPool-2 - Shutdown completed.
2024-08-29T16:10:35.602+05:30  INFO 7148 --- [18-Advance-Mapping] [restartedMain] com.aurionpro.mappings.Application       : Starting Application using Java 21.0.3 with PID 7148 (D:\SpringAssignments\18-Advance-Mapping\target\classes started by Lawrence.Rodriques in D:\SpringAssignments\18-Advance-Mapping)
2024-08-29T16:10:35.603+05:30  INFO 7148 --- [18-Advance-Mapping] [restartedMain] com.aurionpro.mappings.Application       : No active profile set, falling back to 1 default profile: "default"
2024-08-29T16:10:35.967+05:30  INFO 7148 --- [18-Advance-Mapping] [restartedMain] .s.d.r.c.RepositoryConfigurationDelegate : Bootstrapping Spring Data JPA repositories in DEFAULT mode.
2024-08-29T16:10:35.994+05:30  INFO 7148 --- [18-Advance-Mapping] [restartedMain] .s.d.r.c.RepositoryConfigurationDelegate : Finished Spring Data repository scanning in 26 ms. Found 2 JPA repository interfaces.
2024-08-29T16:10:36.101+05:30  INFO 7148 --- [18-Advance-Mapping] [restartedMain] o.s.b.w.embedded.tomcat.TomcatWebServer  : Tomcat initialized with port 8080 (http)
2024-08-29T16:10:36.102+05:30  INFO 7148 --- [18-Advance-Mapping] [restartedMain] o.apache.catalina.core.StandardService   : Starting service [Tomcat]
2024-08-29T16:10:36.102+05:30  INFO 7148 --- [18-Advance-Mapping] [restartedMain] o.apache.catalina.core.StandardEngine    : Starting Servlet engine: [Apache Tomcat/10.1.28]
2024-08-29T16:10:36.128+05:30  INFO 7148 --- [18-Advance-Mapping] [restartedMain] o.a.c.c.C.[Tomcat].[localhost].[/]       : Initializing Spring embedded WebApplicationContext
2024-08-29T16:10:36.129+05:30  INFO 7148 --- [18-Advance-Mapping] [restartedMain] w.s.c.ServletWebServerApplicationContext : Root WebApplicationContext: initialization completed in 522 ms
2024-08-29T16:10:36.175+05:30  INFO 7148 --- [18-Advance-Mapping] [restartedMain] o.hibernate.jpa.internal.util.LogHelper  : HHH000204: Processing PersistenceUnitInfo [name: default]
2024-08-29T16:10:36.178+05:30  INFO 7148 --- [18-Advance-Mapping] [restartedMain] o.h.c.internal.RegionFactoryInitiator    : HHH000026: Second-level cache disabled
2024-08-29T16:10:36.190+05:30  INFO 7148 --- [18-Advance-Mapping] [restartedMain] o.s.o.j.p.SpringPersistenceUnitInfo      : No LoadTimeWeaver setup: ignoring JPA class transformer
2024-08-29T16:10:36.191+05:30  INFO 7148 --- [18-Advance-Mapping] [restartedMain] com.zaxxer.hikari.HikariDataSource       : HikariPool-3 - Starting...
2024-08-29T16:10:36.214+05:30  INFO 7148 --- [18-Advance-Mapping] [restartedMain] com.zaxxer.hikari.pool.HikariPool        : HikariPool-3 - Added connection com.mysql.cj.jdbc.ConnectionImpl@38b518bd
2024-08-29T16:10:36.214+05:30  INFO 7148 --- [18-Advance-Mapping] [restartedMain] com.zaxxer.hikari.HikariDataSource       : HikariPool-3 - Start completed.
2024-08-29T16:10:36.278+05:30  INFO 7148 --- [18-Advance-Mapping] [restartedMain] o.h.e.t.j.p.i.JtaPlatformInitiator       : HHH000489: No JTA platform available (set 'hibernate.transaction.jta.platform' to enable JTA platform integration)
2024-08-29T16:10:36.299+05:30  INFO 7148 --- [18-Advance-Mapping] [restartedMain] j.LocalContainerEntityManagerFactoryBean : Initialized JPA EntityManagerFactory for persistence unit 'default'
2024-08-29T16:10:36.311+05:30  INFO 7148 --- [18-Advance-Mapping] [restartedMain] f.a.AutowiredAnnotationBeanPostProcessor : Autowired annotation is not supported on static fields: private static final org.slf4j.Logger com.aurionpro.mappings.service.RoleServiceImpl.logger
2024-08-29T16:10:36.361+05:30  INFO 7148 --- [18-Advance-Mapping] [restartedMain] f.a.AutowiredAnnotationBeanPostProcessor : Autowired annotation is not supported on static fields: private static final org.slf4j.Logger com.aurionpro.mappings.service.UserServiceImpl.logger
2024-08-29T16:10:36.392+05:30  WARN 7148 --- [18-Advance-Mapping] [restartedMain] JpaBaseConfiguration$JpaWebConfiguration : spring.jpa.open-in-view is enabled by default. Therefore, database queries may be performed during view rendering. Explicitly configure spring.jpa.open-in-view to disable this warning
2024-08-29T16:10:36.492+05:30  INFO 7148 --- [18-Advance-Mapping] [restartedMain] r$InitializeUserDetailsManagerConfigurer : Global AuthenticationManager configured with UserDetailsService bean with name inMemoryUserDetailsManager
2024-08-29T16:10:36.516+05:30  INFO 7148 --- [18-Advance-Mapping] [restartedMain] o.s.b.d.a.OptionalLiveReloadServer       : LiveReload server is running on port 35729
2024-08-29T16:10:36.529+05:30  INFO 7148 --- [18-Advance-Mapping] [restartedMain] o.s.b.w.embedded.tomcat.TomcatWebServer  : Tomcat started on port 8080 (http) with context path '/'
2024-08-29T16:10:36.533+05:30  INFO 7148 --- [18-Advance-Mapping] [restartedMain] com.aurionpro.mappings.Application       : Started Application in 0.971 seconds (process running for 124.322)
2024-08-29T16:10:36.536+05:30  INFO 7148 --- [18-Advance-Mapping] [restartedMain] .ConditionEvaluationDeltaLoggingListener : Condition evaluation unchanged
2024-08-29T16:10:45.961+05:30  INFO 7148 --- [18-Advance-Mapping] [http-nio-8080-exec-3] o.a.c.c.C.[Tomcat].[localhost].[/]       : Initializing Spring DispatcherServlet 'dispatcherServlet'
2024-08-29T16:10:45.961+05:30  INFO 7148 --- [18-Advance-Mapping] [http-nio-8080-exec-3] o.s.web.servlet.DispatcherServlet        : Initializing Servlet 'dispatcherServlet'
2024-08-29T16:10:45.962+05:30  INFO 7148 --- [18-Advance-Mapping] [http-nio-8080-exec-3] o.s.web.servlet.DispatcherServlet        : Completed initialization in 1 ms
